\BOOKMARK [0][-]{chapter*.1}{ABSTRACT}{}% 1
\BOOKMARK [0][-]{chapter*.2}{ACKNOWLEDGEMENTS}{}% 2
\BOOKMARK [0][-]{chapter*.4}{LIST OF TABLES}{}% 3
\BOOKMARK [0][-]{chapter*.5}{LIST OF FIGURES}{}% 4
\BOOKMARK [0][-]{chapter*.6}{ABBREVIATIONS}{}% 5
\BOOKMARK [0][-]{chapter*.7}{LIST OF SYMBOLS}{}% 6
\BOOKMARK [0][-]{chapter.1}{INTRODUCTION}{}% 7
\BOOKMARK [1][-]{section.1.1}{Inverse Problem}{chapter.1}% 8
\BOOKMARK [2][-]{subsection.1.1.1}{Sub sections}{section.1.1}% 9
\BOOKMARK [0][-]{chapter.2}{LITERATURE SURVEY}{}% 10
\BOOKMARK [1][-]{section.2.1}{Frequency Domain SI}{chapter.2}% 11
\BOOKMARK [1][-]{section.2.2}{Particle Swarm Optimization}{chapter.2}% 12
\BOOKMARK [0][-]{chapter.3}{System Analysis}{}% 13
\BOOKMARK [0][-]{chapter.4}{System Design}{}% 14
\BOOKMARK [1][-]{section.4.1}{Tables and Figures}{chapter.4}% 15
\BOOKMARK [0][-]{chapter.5}{Coding, Testing}{}% 16
\BOOKMARK [0][-]{chapter.6}{Conclusion}{}% 17
\BOOKMARK [0][-]{chapter.7}{Future Enhancement}{}% 18
\BOOKMARK [0][-]{appendix.A}{VECTOR ALGEBRA}{}% 19
\BOOKMARK [1][-]{section.A.1}{Product of Two Vectors}{appendix.A}% 20
\BOOKMARK [0][-]{appendix.B}{MATRIX ALGEBRA}{}% 21
\BOOKMARK [1][-]{section.B.1}{Matrix Multiplication}{appendix.B}% 22
